<?xml version="1.0" encoding="UTF-8"?>
<!-- Generated by org.testng.reporters.JUnitXMLReporter -->
<testsuite ignored="0" hostname="Pavanbelliber" failures="0" tests="5" name="Submit" time="62.949" errors="0" timestamp="2024-12-03T13:40:39 IST">
  <testcase classname="Pavanproj.Tests.StandAloneTestPageObject" name="SubmitOrder" time="3.346">
    <skipped/>
  </testcase> <!-- SubmitOrder -->
  <testcase classname="Pavanproj.Tests.StandAloneTestPageObject" name="SubmitOrder" time="15.21"/>
  <testcase classname="Pavanproj.Tests.StandAloneTestPageObject" name="SubmitOrder" time="3.216">
    <skipped/>
  </testcase> <!-- SubmitOrder -->
  <testcase classname="Pavanproj.Tests.StandAloneTestPageObject" name="SubmitOrder" time="16.029"/>
  <testcase classname="Pavanproj.Tests.StandAloneTestPageObject" name="OrdersList" time="1.033"/>
</testsuite> <!-- Submit -->
