# JRE version: OpenJDK Runtime Environment Temurin-21.0.5+11 (21.0.5+11) (build 21.0.5+11-LTS)
# Java VM: OpenJDK 64-Bit Server VM Temurin-21.0.5+11 (21.0.5+11-LTS, mixed mode, emulated-client, sharing, tiered, compressed oops, compressed class ptrs, g1 gc, windows-amd64)
GC Precious Log:
 CardTable entry size: 512
 Card Set container configuration: InlinePtr #cards 5 size 8 Array Of Cards #cards 12 size 40 Howl #buckets 4 coarsen threshold 1843 Howl Bitmap #cards 512 size 80 coarsen threshold 460 Card regions per heap region 1 cards per card region 2048
 CPUs: 12 total, 12 available
 Memory: 8028M
 Large Page Support: Disabled
 NUMA Support: Disabled
 Compressed Oops: Enabled (32-bit)
 Heap Region Size: 1M
 Heap Min Capacity: 8M
 Heap Initial Capacity: 126M
 Heap Max Capacity: 1G
 Pre-touch: Disabled
 Parallel Workers: 10
 Concurrent Workers: 3
 Concurrent Refinement Workers: 10
 Periodic GC: Disabled
Heap:
 garbage-first heap   total 102400K, used 35313K [0x00000000c0000000, 0x0000000100000000)
  region size 1024K, 1 young (1024K), 0 survivors (0K)
 Metaspace       used 45047K, committed 46144K, reserved 1114112K
  class space    used 5440K, committed 5824K, reserved 1048576K
GC Heap History (20 events):
Event: 6779.015 GC heap after
{Heap after GC invocations=665 (full 655):
 garbage-first heap   total 102400K, used 35313K [0x00000000c0000000, 0x0000000100000000)
  region size 1024K, 0 young (0K), 0 survivors (0K)
 Metaspace       used 45047K, committed 46144K, reserved 1114112K
  class space    used 5440K, committed 5824K, reserved 1048576K
}
Event: 6789.202 GC heap before
{Heap before GC invocations=665 (full 655):
 garbage-first heap   total 102400K, used 35313K [0x00000000c0000000, 0x0000000100000000)
  region size 1024K, 1 young (1024K), 0 survivors (0K)
 Metaspace       used 45047K, committed 46144K, reserved 1114112K
  class space    used 5440K, committed 5824K, reserved 1048576K
}
Event: 6789.240 GC heap after
{Heap after GC invocations=666 (full 656):
 garbage-first heap   total 102400K, used 35313K [0x00000000c0000000, 0x0000000100000000)
  region size 1024K, 0 young (0K), 0 survivors (0K)
 Metaspace       used 45047K, committed 46144K, reserved 1114112K
  class space    used 5440K, committed 5824K, reserved 1048576K
}
Event: 6799.559 GC heap before
{Heap before GC invocations=666 (full 656):
 garbage-first heap   total 102400K, used 35313K [0x00000000c0000000, 0x0000000100000000)
  region size 1024K, 1 young (1024K), 0 survivors (0K)
 Metaspace       used 45047K, committed 46144K, reserved 1114112K
  class space    used 5440K, committed 5824K, reserved 1048576K
}
Event: 6799.596 GC heap after
{Heap after GC invocations=667 (full 657):
 garbage-first heap   total 102400K, used 35313K [0x00000000c0000000, 0x0000000100000000)
  region size 1024K, 0 young (0K), 0 survivors (0K)
 Metaspace       used 45047K, committed 46144K, reserved 1114112K
  class space    used 5440K, committed 5824K, reserved 1048576K
}
Event: 6810.125 GC heap before
{Heap before GC invocations=667 (full 657):
 garbage-first heap   total 102400K, used 35313K [0x00000000c0000000, 0x0000000100000000)
  region size 1024K, 1 young (1024K), 0 survivors (0K)
 Metaspace       used 45047K, committed 46144K, reserved 1114112K
  class space    used 5440K, committed 5824K, reserved 1048576K
}
Event: 6810.213 GC heap after
{Heap after GC invocations=668 (full 658):
 garbage-first heap   total 102400K, used 35313K [0x00000000c0000000, 0x0000000100000000)
  region size 1024K, 0 young (0K), 0 survivors (0K)
 Metaspace       used 45047K, committed 46144K, reserved 1114112K
  class space    used 5440K, committed 5824K, reserved 1048576K
}
Event: 6820.451 GC heap before
{Heap before GC invocations=668 (full 658):
 garbage-first heap   total 102400K, used 35313K [0x00000000c0000000, 0x0000000100000000)
  region size 1024K, 1 young (1024K), 0 survivors (0K)
 Metaspace       used 45047K, committed 46144K, reserved 1114112K
  class space    used 5440K, committed 5824K, reserved 1048576K
}
Event: 6820.470 GC heap after
{Heap after GC invocations=669 (full 659):
 garbage-first heap   total 102400K, used 35313K [0x00000000c0000000, 0x0000000100000000)
  region size 1024K, 0 young (0K), 0 survivors (0K)
 Metaspace       used 45047K, committed 46144K, reserved 1114112K
  class space    used 5440K, committed 5824K, reserved 1048576K
}
Event: 6831.058 GC heap before
{Heap before GC invocations=669 (full 659):
 garbage-first heap   total 102400K, used 35313K [0x00000000c0000000, 0x0000000100000000)
  region size 1024K, 1 young (1024K), 0 survivors (0K)
 Metaspace       used 45047K, committed 46144K, reserved 1114112K
  class space    used 5440K, committed 5824K, reserved 1048576K
}
Event: 6831.106 GC heap after
{Heap after GC invocations=670 (full 660):
 garbage-first heap   total 102400K, used 35313K [0x00000000c0000000, 0x0000000100000000)
  region size 1024K, 0 young (0K), 0 survivors (0K)
 Metaspace       used 45047K, committed 46144K, reserved 1114112K
  class space    used 5440K, committed 5824K, reserved 1048576K
}
Event: 6841.423 GC heap before
{Heap before GC invocations=670 (full 660):
 garbage-first heap   total 102400K, used 35313K [0x00000000c0000000, 0x0000000100000000)
  region size 1024K, 1 young (1024K), 0 survivors (0K)
 Metaspace       used 45047K, committed 46144K, reserved 1114112K
  class space    used 5440K, committed 5824K, reserved 1048576K
}
Event: 6841.475 GC heap after
{Heap after GC invocations=671 (full 661):
 garbage-first heap   total 102400K, used 35313K [0x00000000c0000000, 0x0000000100000000)
  region size 1024K, 0 young (0K), 0 survivors (0K)
 Metaspace       used 45047K, committed 46144K, reserved 1114112K
  class space    used 5440K, committed 5824K, reserved 1048576K
}
Event: 6851.800 GC heap before
{Heap before GC invocations=671 (full 661):
 garbage-first heap   total 102400K, used 35313K [0x00000000c0000000, 0x0000000100000000)
  region size 1024K, 1 young (1024K), 0 survivors (0K)
 Metaspace       used 45047K, committed 46144K, reserved 1114112K
  class space    used 5440K, committed 5824K, reserved 1048576K
}
Event: 6851.831 GC heap after
{Heap after GC invocations=672 (full 662):
 garbage-first heap   total 102400K, used 35313K [0x00000000c0000000, 0x0000000100000000)
  region size 1024K, 0 young (0K), 0 survivors (0K)
 Metaspace       used 45047K, committed 46144K, reserved 1114112K
  class space    used 5440K, committed 5824K, reserved 1048576K
}
Event: 6862.124 GC heap before
{Heap before GC invocations=672 (full 662):
 garbage-first heap   total 102400K, used 35313K [0x00000000c0000000, 0x0000000100000000)
  region size 1024K, 1 young (1024K), 0 survivors (0K)
 Metaspace       used 45047K, committed 46144K, reserved 1114112K
  class space    used 5440K, committed 5824K, reserved 1048576K
}
Event: 6862.154 GC heap after
{Heap after GC invocations=673 (full 663):
 garbage-first heap   total 102400K, used 35313K [0x00000000c0000000, 0x0000000100000000)
  region size 1024K, 0 young (0K), 0 survivors (0K)
 Metaspace       used 45047K, committed 46144K, reserved 1114112K
  class space    used 5440K, committed 5824K, reserved 1048576K
}
Event: 6872.508 GC heap before
{Heap before GC invocations=673 (full 663):
 garbage-first heap   total 102400K, used 35313K [0x00000000c0000000, 0x0000000100000000)
  region size 1024K, 1 young (1024K), 0 survivors (0K)
 Metaspace       used 45047K, committed 46144K, reserved 1114112K
  class space    used 5440K, committed 5824K, reserved 1048576K
}
Event: 6872.579 GC heap after
{Heap after GC invocations=674 (full 664):
 garbage-first heap   total 102400K, used 35313K [0x00000000c0000000, 0x0000000100000000)
  region size 1024K, 0 young (0K), 0 survivors (0K)
 Metaspace       used 45047K, committed 46144K, reserved 1114112K
  class space    used 5440K, committed 5824K, reserved 1048576K
}
Event: 6882.978 GC heap before
{Heap before GC invocations=674 (full 664):
 garbage-first heap   total 102400K, used 35313K [0x00000000c0000000, 0x0000000100000000)
  region size 1024K, 1 young (1024K), 0 survivors (0K)
 Metaspace       used 45047K, committed 46144K, reserved 1114112K
  class space    used 5440K, committed 5824K, reserved 1048576K
}

