<?xml version="1.0" encoding="UTF-8"?>
<!-- Generated by org.testng.reporters.JUnitXMLReporter -->
<testsuite ignored="2" hostname="Pavanbelliber" failures="0" tests="0" time="0.009" errors="0" timestamp="2024-12-09T13:11:50 IST">
  <testcase classname="Pavanproj.Tests.StandAloneTestPageObject" name="OrdersList" time="0.0">
    <ignored/>
  </testcase> <!-- OrdersList -->
  <testcase classname="Pavanproj.Tests.StandAloneTestPageObject" name="SubmitOrder" time="0.0">
    <ignored/>
  </testcase> <!-- SubmitOrder -->
</testsuite>
